This is pdfTeX, Version 3.1415926-1.40.10 (TeX Live 2009/Debian) (format=pdflatex 2012.8.3)  14 SEP 2012 23:55
entering extended mode
 %&-line parsing enabled.
**"Informe Tarea 1.tex"
(./Informe Tarea 1.tex
LaTeX2e <2009/09/24>
Babel <v3.8l> and hyphenation patterns for english, usenglishmax, dumylang, noh
yphenation, loaded.
(./AS4201.cls

LaTeX Warning: You have requested document class `AS4201',
               but the document class provides `aa'.

Document Class: aa 2004/06/10 v5.4 
LaTeX document class for Astronomy and Astrophysics journal
(/usr/share/texmf-texlive/tex/latex/base/fleqn.clo
File: fleqn.clo 1998/08/17 v1.1c Standard LaTeX option (flush left equations)
\mathindent=\dimen102
)
\logodepth=\dimen103
\headerboxheight=\dimen104
\betweenumberspace=\dimen105
\aftertext=\dimen106
\headlineindent=\dimen107
\c@inst=\count79
\c@auth=\count80
\instindent=\dimen108
\authrun=\box26
\authorrunning=\toks14
\titrun=\box27
\titlerunning=\toks15
\c@section=\count81
\c@subsection=\count82
\c@subsubsection=\count83
\c@paragraph=\count84
\c@subparagraph=\count85
\c@theorem=\count86
\figgap=\dimen109
\c@figure=\count87
\c@table=\count88
\abovecaptionskip=\skip41
\belowcaptionskip=\skip42
\figcapgap=\dimen110
\tabcapgap=\dimen111
\bibindent=\dimen112
)
(/usr/share/texmf-texlive/tex/generic/babel/babel.sty
Package: babel 2008/07/06 v3.8l The Babel package

(/usr/share/texmf-texlive/tex/generic/babel/spanish.ldf
Language: spanish.ldf 2009/01/02 v5.0h Spanish support from the babel system

(/usr/share/texmf-texlive/tex/generic/babel/babel.def
File: babel.def 2008/07/06 v3.8l Babel common definitions
\babel@savecnt=\count89
\U@D=\dimen113
)

Package babel Warning: No hyphenation patterns were loaded for
(babel)                the language `Spanish'
(babel)                I will use the patterns loaded for \language=0 instead.

\l@spanish = a dialect from \language0
\es@datefmt=\count90
\es@quottoks=\toks16
\es@quotdepth=\count91
Package babel Info: Making " an active character on input line 492.
Package babel Info: Making . an active character on input line 585.
Package babel Info: Making < an active character on input line 630.
Package babel Info: Making > an active character on input line 630.
) (/usr/share/texmf-texlive/tex/generic/babel/english.ldf
Language: english 2005/03/30 v3.3o English support from the babel system
\l@british = a dialect from \language\l@english 
\l@UKenglish = a dialect from \language\l@english 
\l@canadian = a dialect from \language\l@american 
\l@australian = a dialect from \language\l@british 
\l@newzealand = a dialect from \language\l@british 
))
(/usr/share/texmf-texlive/tex/latex/base/inputenc.sty
Package: inputenc 2008/03/30 v1.1d Input encoding file
\inpenc@prehook=\toks17
\inpenc@posthook=\toks18

(/usr/share/texmf-texlive/tex/latex/base/utf8.def
File: utf8.def 2008/04/05 v1.1m UTF-8 support for inputenc
Now handling font encoding OML ...
... no UTF-8 mapping file for font encoding OML
Now handling font encoding T1 ...
... processing UTF-8 mapping file for font encoding T1

(/usr/share/texmf-texlive/tex/latex/base/t1enc.dfu
File: t1enc.dfu 2008/04/05 v1.1m UTF-8 support for inputenc
   defining Unicode char U+00A1 (decimal 161)
   defining Unicode char U+00A3 (decimal 163)
   defining Unicode char U+00AB (decimal 171)
   defining Unicode char U+00BB (decimal 187)
   defining Unicode char U+00BF (decimal 191)
   defining Unicode char U+00C0 (decimal 192)
   defining Unicode char U+00C1 (decimal 193)
   defining Unicode char U+00C2 (decimal 194)
   defining Unicode char U+00C3 (decimal 195)
   defining Unicode char U+00C4 (decimal 196)
   defining Unicode char U+00C5 (decimal 197)
   defining Unicode char U+00C6 (decimal 198)
   defining Unicode char U+00C7 (decimal 199)
   defining Unicode char U+00C8 (decimal 200)
   defining Unicode char U+00C9 (decimal 201)
   defining Unicode char U+00CA (decimal 202)
   defining Unicode char U+00CB (decimal 203)
   defining Unicode char U+00CC (decimal 204)
   defining Unicode char U+00CD (decimal 205)
   defining Unicode char U+00CE (decimal 206)
   defining Unicode char U+00CF (decimal 207)
   defining Unicode char U+00D0 (decimal 208)
   defining Unicode char U+00D1 (decimal 209)
   defining Unicode char U+00D2 (decimal 210)
   defining Unicode char U+00D3 (decimal 211)
   defining Unicode char U+00D4 (decimal 212)
   defining Unicode char U+00D5 (decimal 213)
   defining Unicode char U+00D6 (decimal 214)
   defining Unicode char U+00D8 (decimal 216)
   defining Unicode char U+00D9 (decimal 217)
   defining Unicode char U+00DA (decimal 218)
   defining Unicode char U+00DB (decimal 219)
   defining Unicode char U+00DC (decimal 220)
   defining Unicode char U+00DD (decimal 221)
   defining Unicode char U+00DE (decimal 222)
   defining Unicode char U+00DF (decimal 223)
   defining Unicode char U+00E0 (decimal 224)
   defining Unicode char U+00E1 (decimal 225)
   defining Unicode char U+00E2 (decimal 226)
   defining Unicode char U+00E3 (decimal 227)
   defining Unicode char U+00E4 (decimal 228)
   defining Unicode char U+00E5 (decimal 229)
   defining Unicode char U+00E6 (decimal 230)
   defining Unicode char U+00E7 (decimal 231)
   defining Unicode char U+00E8 (decimal 232)
   defining Unicode char U+00E9 (decimal 233)
   defining Unicode char U+00EA (decimal 234)
   defining Unicode char U+00EB (decimal 235)
   defining Unicode char U+00EC (decimal 236)
   defining Unicode char U+00ED (decimal 237)
   defining Unicode char U+00EE (decimal 238)
   defining Unicode char U+00EF (decimal 239)
   defining Unicode char U+00F0 (decimal 240)
   defining Unicode char U+00F1 (decimal 241)
   defining Unicode char U+00F2 (decimal 242)
   defining Unicode char U+00F3 (decimal 243)
   defining Unicode char U+00F4 (decimal 244)
   defining Unicode char U+00F5 (decimal 245)
   defining Unicode char U+00F6 (decimal 246)
   defining Unicode char U+00F8 (decimal 248)
   defining Unicode char U+00F9 (decimal 249)
   defining Unicode char U+00FA (decimal 250)
   defining Unicode char U+00FB (decimal 251)
   defining Unicode char U+00FC (decimal 252)
   defining Unicode char U+00FD (decimal 253)
   defining Unicode char U+00FE (decimal 254)
   defining Unicode char U+00FF (decimal 255)
   defining Unicode char U+0102 (decimal 258)
   defining Unicode char U+0103 (decimal 259)
   defining Unicode char U+0104 (decimal 260)
   defining Unicode char U+0105 (decimal 261)
   defining Unicode char U+0106 (decimal 262)
   defining Unicode char U+0107 (decimal 263)
   defining Unicode char U+010C (decimal 268)
   defining Unicode char U+010D (decimal 269)
   defining Unicode char U+010E (decimal 270)
   defining Unicode char U+010F (decimal 271)
   defining Unicode char U+0110 (decimal 272)
   defining Unicode char U+0111 (decimal 273)
   defining Unicode char U+0118 (decimal 280)
   defining Unicode char U+0119 (decimal 281)
   defining Unicode char U+011A (decimal 282)
   defining Unicode char U+011B (decimal 283)
   defining Unicode char U+011E (decimal 286)
   defining Unicode char U+011F (decimal 287)
   defining Unicode char U+0130 (decimal 304)
   defining Unicode char U+0131 (decimal 305)
   defining Unicode char U+0132 (decimal 306)
   defining Unicode char U+0133 (decimal 307)
   defining Unicode char U+0139 (decimal 313)
   defining Unicode char U+013A (decimal 314)
   defining Unicode char U+013D (decimal 317)
   defining Unicode char U+013E (decimal 318)
   defining Unicode char U+0141 (decimal 321)
   defining Unicode char U+0142 (decimal 322)
   defining Unicode char U+0143 (decimal 323)
   defining Unicode char U+0144 (decimal 324)
   defining Unicode char U+0147 (decimal 327)
   defining Unicode char U+0148 (decimal 328)
   defining Unicode char U+014A (decimal 330)
   defining Unicode char U+014B (decimal 331)
   defining Unicode char U+0150 (decimal 336)
   defining Unicode char U+0151 (decimal 337)
   defining Unicode char U+0152 (decimal 338)
   defining Unicode char U+0153 (decimal 339)
   defining Unicode char U+0154 (decimal 340)
   defining Unicode char U+0155 (decimal 341)
   defining Unicode char U+0158 (decimal 344)
   defining Unicode char U+0159 (decimal 345)
   defining Unicode char U+015A (decimal 346)
   defining Unicode char U+015B (decimal 347)
   defining Unicode char U+015E (decimal 350)
   defining Unicode char U+015F (decimal 351)
   defining Unicode char U+0160 (decimal 352)
   defining Unicode char U+0161 (decimal 353)
   defining Unicode char U+0162 (decimal 354)
   defining Unicode char U+0163 (decimal 355)
   defining Unicode char U+0164 (decimal 356)
   defining Unicode char U+0165 (decimal 357)
   defining Unicode char U+016E (decimal 366)
   defining Unicode char U+016F (decimal 367)
   defining Unicode char U+0170 (decimal 368)
   defining Unicode char U+0171 (decimal 369)
   defining Unicode char U+0178 (decimal 376)
   defining Unicode char U+0179 (decimal 377)
   defining Unicode char U+017A (decimal 378)
   defining Unicode char U+017B (decimal 379)
   defining Unicode char U+017C (decimal 380)
   defining Unicode char U+017D (decimal 381)
   defining Unicode char U+017E (decimal 382)
   defining Unicode char U+200C (decimal 8204)
   defining Unicode char U+2013 (decimal 8211)
   defining Unicode char U+2014 (decimal 8212)
   defining Unicode char U+2018 (decimal 8216)
   defining Unicode char U+2019 (decimal 8217)
   defining Unicode char U+201A (decimal 8218)
   defining Unicode char U+201C (decimal 8220)
   defining Unicode char U+201D (decimal 8221)
   defining Unicode char U+201E (decimal 8222)
   defining Unicode char U+2030 (decimal 8240)
   defining Unicode char U+2031 (decimal 8241)
   defining Unicode char U+2039 (decimal 8249)
   defining Unicode char U+203A (decimal 8250)
   defining Unicode char U+2423 (decimal 9251)
)
Now handling font encoding OT1 ...
... processing UTF-8 mapping file for font encoding OT1

(/usr/share/texmf-texlive/tex/latex/base/ot1enc.dfu
File: ot1enc.dfu 2008/04/05 v1.1m UTF-8 support for inputenc
   defining Unicode char U+00A1 (decimal 161)
   defining Unicode char U+00A3 (decimal 163)
   defining Unicode char U+00B8 (decimal 184)
   defining Unicode char U+00BF (decimal 191)
   defining Unicode char U+00C5 (decimal 197)
   defining Unicode char U+00C6 (decimal 198)
   defining Unicode char U+00D8 (decimal 216)
   defining Unicode char U+00DF (decimal 223)
   defining Unicode char U+00E6 (decimal 230)
   defining Unicode char U+00EC (decimal 236)
   defining Unicode char U+00ED (decimal 237)
   defining Unicode char U+00EE (decimal 238)
   defining Unicode char U+00EF (decimal 239)
   defining Unicode char U+00F8 (decimal 248)
   defining Unicode char U+0131 (decimal 305)
   defining Unicode char U+0141 (decimal 321)
   defining Unicode char U+0142 (decimal 322)
   defining Unicode char U+0152 (decimal 338)
   defining Unicode char U+0153 (decimal 339)
   defining Unicode char U+2013 (decimal 8211)
   defining Unicode char U+2014 (decimal 8212)
   defining Unicode char U+2018 (decimal 8216)
   defining Unicode char U+2019 (decimal 8217)
   defining Unicode char U+201C (decimal 8220)
   defining Unicode char U+201D (decimal 8221)
)
Now handling font encoding OMS ...
... processing UTF-8 mapping file for font encoding OMS

(/usr/share/texmf-texlive/tex/latex/base/omsenc.dfu
File: omsenc.dfu 2008/04/05 v1.1m UTF-8 support for inputenc
   defining Unicode char U+00A7 (decimal 167)
   defining Unicode char U+00B6 (decimal 182)
   defining Unicode char U+00B7 (decimal 183)
   defining Unicode char U+2020 (decimal 8224)
   defining Unicode char U+2021 (decimal 8225)
   defining Unicode char U+2022 (decimal 8226)
)
Now handling font encoding OMX ...
... no UTF-8 mapping file for font encoding OMX
Now handling font encoding U ...
... no UTF-8 mapping file for font encoding U
   defining Unicode char U+00A9 (decimal 169)
   defining Unicode char U+00AA (decimal 170)
   defining Unicode char U+00AE (decimal 174)
   defining Unicode char U+00BA (decimal 186)
   defining Unicode char U+02C6 (decimal 710)
   defining Unicode char U+02DC (decimal 732)
   defining Unicode char U+200C (decimal 8204)
   defining Unicode char U+2026 (decimal 8230)
   defining Unicode char U+2122 (decimal 8482)
   defining Unicode char U+2423 (decimal 9251)
))
(/usr/share/texmf-texlive/tex/latex/graphics/graphicx.sty
Package: graphicx 1999/02/16 v1.0f Enhanced LaTeX Graphics (DPC,SPQR)

(/usr/share/texmf-texlive/tex/latex/graphics/keyval.sty
Package: keyval 1999/03/16 v1.13 key=value parser (DPC)
\KV@toks@=\toks19
)
(/usr/share/texmf-texlive/tex/latex/graphics/graphics.sty
Package: graphics 2009/02/05 v1.0o Standard LaTeX Graphics (DPC,SPQR)

(/usr/share/texmf-texlive/tex/latex/graphics/trig.sty
Package: trig 1999/03/16 v1.09 sin cos tan (DPC)
)
(/etc/texmf/tex/latex/config/graphics.cfg
File: graphics.cfg 2009/08/28 v1.8 graphics configuration of TeX Live
)
Package graphics Info: Driver file: pdftex.def on input line 91.

(/usr/share/texmf-texlive/tex/latex/pdftex-def/pdftex.def
File: pdftex.def 2010/03/12 v0.04p Graphics/color for pdfTeX
\Gread@gobject=\count92
))
\Gin@req@height=\dimen114
\Gin@req@width=\dimen115
)
(/usr/share/texmf-texlive/tex/latex/graphics/epsfig.sty
Package: epsfig 1999/02/16 v1.7a (e)psfig emulation (SPQR)
\epsfxsize=\dimen116
\epsfysize=\dimen117
)
(/usr/share/texmf-texlive/tex/latex/tools/longtable.sty
Package: longtable 2004/02/01 v4.11 Multi-page Table package (DPC)
\LTleft=\skip43
\LTright=\skip44
\LTpre=\skip45
\LTpost=\skip46
\LTchunksize=\count93
\LTcapwidth=\dimen118
\LT@head=\box28
\LT@firsthead=\box29
\LT@foot=\box30
\LT@lastfoot=\box31
\LT@cols=\count94
\LT@rows=\count95
\c@LT@tables=\count96
\c@LT@chunks=\count97
\LT@p@ftn=\toks20
) (./Informe Tarea 1.aux

LaTeX Warning: Label `table:2' multiply defined.


LaTeX Warning: Label `fig:ejemplo' multiply defined.


LaTeX Warning: Label `fig:ejemplo' multiply defined.


LaTeX Warning: Label `fig:ejemplo' multiply defined.


LaTeX Warning: Label `fig:ejemplo' multiply defined.

)
\openout1 = `"Informe Tarea 1.aux"'.

LaTeX Font Info:    Checking defaults for OML/cmm/m/it on input line 8.
LaTeX Font Info:    ... okay on input line 8.
LaTeX Font Info:    Checking defaults for T1/cmr/m/n on input line 8.
LaTeX Font Info:    ... okay on input line 8.
LaTeX Font Info:    Checking defaults for OT1/cmr/m/n on input line 8.
LaTeX Font Info:    ... okay on input line 8.
LaTeX Font Info:    Checking defaults for OMS/cmsy/m/n on input line 8.
LaTeX Font Info:    ... okay on input line 8.
LaTeX Font Info:    Checking defaults for OMX/cmex/m/n on input line 8.
LaTeX Font Info:    ... okay on input line 8.
LaTeX Font Info:    Checking defaults for U/cmr/m/n on input line 8.
LaTeX Font Info:    ... okay on input line 8.
 (/usr/share/texmf-texlive/tex/context/base/supp-pdf.mkii
[Loading MPS to PDF converter (version 2006.09.02).]
\scratchcounter=\count98
\scratchdimen=\dimen119
\scratchbox=\box32
\nofMPsegments=\count99
\nofMParguments=\count100
\everyMPshowfont=\toks21
\MPscratchCnt=\count101
\MPscratchDim=\dimen120
\MPnumerator=\count102
\everyMPtoPDFconversion=\toks22
)
LaTeX Font Info:    External font `cmex10' loaded for size
(Font)              <17.28> on input line 34.
LaTeX Font Info:    External font `cmex10' loaded for size
(Font)              <12> on input line 34.
LaTeX Font Info:    External font `cmex10' loaded for size
(Font)              <7> on input line 34.
LaTeX Font Info:    External font `cmex10' loaded for size
(Font)              <5> on input line 34.
LaTeX Font Info:    External font `cmex10' loaded for size
(Font)              <10.95> on input line 34.
LaTeX Font Info:    External font `cmex10' loaded for size
(Font)              <8> on input line 34.
LaTeX Font Info:    External font `cmex10' loaded for size
(Font)              <6> on input line 34.
LaTeX Font Info:    External font `cmex10' loaded for size
(Font)              <9> on input line 34.

Underfull \hbox (badness 10000) in paragraph at lines 34--34
  
 []


Underfull \hbox (badness 10000) in paragraph at lines 34--34
  
 []


LaTeX Font Warning: Font shape `OT1/cmss/m/it' in size <10.95> not available
(Font)              Font shape `OT1/cmss/m/sl' tried instead on input line 42.


Underfull \hbox (badness 10000) in paragraph at lines 44--47

 []


Underfull \hbox (badness 10000) in paragraph at lines 68--69
\OT1/cmr/m/n/10 A con-tin-uaci^^Son se nos pidi^^So generar la rutina
 []


Underfull \hbox (badness 4699) in paragraph at lines 68--69
\OT1/cmr/m/n/10 "addStar(hdu,m,RA,DEC)" que reciba la mag-ni-tud
 []


Underfull \hbox (badness 10000) in paragraph at lines 68--69

 []


Overfull \hbox (11.92702pt too wide) in paragraph at lines 70--85
[] \OT1/cmr/m/n/10 = [] []$ 
 []

[1{/var/lib/texmf/fonts/map/pdftex/updmap/pdftex.map}


]
Overfull \hbox (2.64395pt too wide) in paragraph at lines 95--114
[]  
 []


Underfull \hbox (badness 10000) in paragraph at lines 115--124

 []


Underfull \hbox (badness 10000) in paragraph at lines 137--150

 []


Overfull \hbox (0.77635pt too wide) detected at line 162
$ [] \OT1/cmr/m/n/10 = \OML/cmm/m/it/10 M[] [] \OT1/cmr/m/n/10 + []$ []
 []


Underfull \hbox (badness 10000) in paragraph at lines 176--183

 []


Underfull \hbox (badness 10000) in paragraph at lines 198--199
\OT1/cmr/m/n/10 Luego todo lo que nece-si-ta-mos hacer es crear
 []


Underfull \hbox (badness 2486) in paragraph at lines 198--199
\OT1/cmr/m/n/10 una rutina que lea la tabla y llame a la rutina
 []


Underfull \hbox (badness 10000) in paragraph at lines 200--201
\OT1/cmr/m/n/10 Se nos pide ahora crear una rutina que
 []


Underfull \hbox (badness 10000) in paragraph at lines 200--201
\OT1/cmr/m/n/10 a~nada una galaxia a un archivo fit "ad-
 []


Underfull \hbox (badness 10000) in paragraph at lines 200--201
\OT1/cmr/m/n/10 dGalaxy(hdu,m,RA,DEC,n,Re,el,theta)" que recibe
 []

[2]
Underfull \hbox (badness 1028) in paragraph at lines 221--227
\OT1/cmr/m/n/10 Con esto ya ten-emos todo lo que nece-si-ta-mos para
 []


Underfull \hbox (badness 10000) in paragraph at lines 221--227

 []


Underfull \hbox (badness 10000) in paragraph at lines 250--251
\OT1/cmr/m/n/10 Ahora nece-si-ta-mos una rutina que con-volu-cione
 []


Underfull \hbox (badness 10000) in paragraph at lines 250--251
\OT1/cmr/m/n/10 un PSF (point spread func-tion) Gaussiano de
 []


Underfull \hbox (badness 4353) in paragraph at lines 250--251
\OT1/cmr/m/n/10 desviaci^^Son est^^Sandar $\OML/cmm/m/it/10 ^^[[]$ \OT1/cmr/m/n
/10 con nues-tra im-a-gen fits,
 []


Underfull \hbox (badness 10000) in paragraph at lines 250--251
\OT1/cmr/m/n/10 ("convolvePSF(hdu,$\OML/cmm/m/it/10 sigma[]PSF$\OT1/cmr/m/n/10 
)"), para hacer esto
 []

<stars.png, id=27, 586.8324pt x 442.2924pt>
File: stars.png Graphic file (type png)
 <use stars.png>
Overfull \hbox (29.61575pt too wide) in paragraph at lines 262--263
 [][] 
 []

<galaxys.png, id=29, 586.8324pt x 442.2924pt>
File: galaxys.png Graphic file (type png)
 <use galaxys.png>
Overfull \hbox (29.61575pt too wide) in paragraph at lines 269--270
 [][] 
 []

<background.png, id=30, 586.8324pt x 442.2924pt>
File: background.png Graphic file (type png)
 <use background.png>
Overfull \hbox (29.61575pt too wide) in paragraph at lines 276--277
 [][] 
 []

<convolve.png, id=31, 586.8324pt x 442.2924pt>
File: convolve.png Graphic file (type png)
 <use convolve.png>
Overfull \hbox (29.61575pt too wide) in paragraph at lines 283--284
 [][] 
 []

<noise.png, id=32, 586.8324pt x 442.2924pt>
File: noise.png Graphic file (type png)
 <use noise.png>
Overfull \hbox (29.61575pt too wide) in paragraph at lines 290--291
 [][] 
 []

<filtered.png, id=33, 586.8324pt x 442.2924pt>
File: filtered.png Graphic file (type png)
 <use filtered.png>
Overfull \hbox (29.61575pt too wide) in paragraph at lines 297--298
 [][] 
 []

[3] [4 <./stars.png> <./galaxys.png> <./background.png> <./convolve.png>]
[5

 <./noise.png> <./filtered.png>] (./Informe Tarea 1.aux)

LaTeX Warning: There were multiply-defined labels.

 ) 
Here is how much of TeX's memory you used:
 2174 strings out of 495061
 24971 string characters out of 1182622
 99781 words of memory out of 3000000
 5348 multiletter control sequences out of 15000+50000
 13167 words of font info for 45 fonts, out of 3000000 for 9000
 28 hyphenation exceptions out of 8191
 25i,14n,27p,1014b,207s stack positions out of 5000i,500n,10000p,200000b,50000s
</usr/share/texmf-texlive/fonts/type1/public/amsfonts/cm/cmbx9.pfb></usr/shar
e/texmf-texlive/fonts/type1/public/amsfonts/cm/cmex10.pfb></usr/share/texmf-tex
live/fonts/type1/public/amsfonts/cm/cmmi10.pfb></usr/share/texmf-texlive/fonts/
type1/public/amsfonts/cm/cmmi5.pfb></usr/share/texmf-texlive/fonts/type1/public
/amsfonts/cm/cmmi6.pfb></usr/share/texmf-texlive/fonts/type1/public/amsfonts/cm
/cmmi7.pfb></usr/share/texmf-texlive/fonts/type1/public/amsfonts/cm/cmmi9.pfb><
/usr/share/texmf-texlive/fonts/type1/public/amsfonts/cm/cmmib10.pfb></usr/share
/texmf-texlive/fonts/type1/public/amsfonts/cm/cmr10.pfb></usr/share/texmf-texli
ve/fonts/type1/public/amsfonts/cm/cmr5.pfb></usr/share/texmf-texlive/fonts/type
1/public/amsfonts/cm/cmr6.pfb></usr/share/texmf-texlive/fonts/type1/public/amsf
onts/cm/cmr7.pfb></usr/share/texmf-texlive/fonts/type1/public/amsfonts/cm/cmr8.
pfb></usr/share/texmf-texlive/fonts/type1/public/amsfonts/cm/cmr9.pfb></usr/sha
re/texmf-texlive/fonts/type1/public/amsfonts/cm/cmsl10.pfb></usr/share/texmf-te
xlive/fonts/type1/public/amsfonts/cm/cmss10.pfb></usr/share/texmf-texlive/fonts
/type1/public/amsfonts/cm/cmssbx10.pfb></usr/share/texmf-texlive/fonts/type1/pu
blic/amsfonts/cm/cmssi10.pfb></usr/share/texmf-texlive/fonts/type1/public/amsfo
nts/cm/cmsy10.pfb></usr/share/texmf-texlive/fonts/type1/public/amsfonts/cm/cmsy
5.pfb></usr/share/texmf-texlive/fonts/type1/public/amsfonts/cm/cmsy7.pfb>
Output written on "Informe Tarea 1.pdf" (5 pages, 396311 bytes).
PDF statistics:
 115 PDF objects out of 1000 (max. 8388607)
 0 named destinations out of 1000 (max. 500000)
 31 words of extra memory for PDF output out of 10000 (max. 10000000)

